ERROR 2025-11-10T09:12:36.651+00:00 ThreadId(22) [1P:op-settings/src/store/json_store.rs:82] Os { code: 2, kind: NotFound, message: "No such file or directory" }
INFO  2025-11-10T09:12:36.651+00:00 ThreadId(22) [1P:op-settings/src/store/json_store.rs:118] Settings file "/home/<redacted-username>/.config/1Password/settings/settings.json" missing, using defaults.
INFO  2025-11-10T09:12:36.659+00:00 ThreadId(22) [client:typescript] Client starting.
ERROR 2025-11-10T09:12:39.123+00:00 ThreadId(22) [1P:op-crash-reporting/src/crash_report.rs:156] Failed to load crash reports from disk: Os { code: 2, kind: NotFound, message: "No such file or directory" }
ERROR 2025-11-10T09:12:39.128+00:00 1p-enable-crash-reporter(ThreadId(25)) [1P:/mnt/ephemeral/builds/dev/core/core/op-b5-client/src/b5_client/features/mod.rs:399] HttpError((/rustc/1159e78c4747b02ef996e55082b704c09b970588/library/core/src/ops/function.rs:253, IoError(IoError(error sending request for url (<redacted URL>)))))
ERROR 2025-11-10T09:12:39.129+00:00 1p-enable-crash-reporter(ThreadId(25)) [1P:/mnt/ephemeral/builds/dev/core/core/op-b5-client/src/b5_client/features/mod.rs:399] HttpError((/rustc/1159e78c4747b02ef996e55082b704c09b970588/library/core/src/ops/function.rs:253, IoError(IoError(error sending request for url (<redacted URL>)))))
INFO  2025-11-10T09:12:39.129+00:00 1p-enable-crash-reporter(ThreadId(25)) [1P:op-crash-reporting/src/killswitch.rs:41] Crash reporting temporarily disabled by 1Password.
INFO  2025-11-10T09:12:39.133+00:00 ThreadId(22) [1P:op-localization/src/lib.rs:239] system locale detected as 'en-US'
INFO  2025-11-10T09:12:39.133+00:00 ThreadId(22) [1P:op-localization/src/lib.rs:265] selected translations for EN_US based on detected locale en-US
INFO  2025-11-10T09:12:39.133+00:00 ThreadId(22) [status:app/op-app/src/app.rs:1043] App::new(1Password for Linux/81120037 (EN_US), /home/<redacted-username>/.config/1Password)
INFO  2025-11-10T09:12:39.147+00:00 ThreadId(22) [1P:data/op-db/src/common/mod.rs:186] Core DB Integrity Check Succeeded
INFO  2025-11-10T09:12:39.147+00:00 ThreadId(22) [1P:data/op-db/src/core_db/db.rs:145] Starting Core DB at version: 0
INFO  2025-11-10T09:12:39.147+00:00 ThreadId(22) [1P:data/op-db/src/core_db/db.rs:163] Database is being created at '/home/<redacted-username>/.config/1Password/1password.sqlite' (sqlite: 3050002)
INFO  2025-11-10T09:12:39.153+00:00 ThreadId(22) [1P:data/op-db/src/core_db/db.rs:564] Updated DB Schema to version 001
INFO  2025-11-10T09:12:39.155+00:00 ThreadId(22) [1P:data/op-db/src/core_db/db.rs:588] Updated DB Schema to version 002
INFO  2025-11-10T09:12:39.157+00:00 ThreadId(22) [1P:data/op-db/src/core_db/db.rs:600] Updated DB Schema to version 003
INFO  2025-11-10T09:12:39.159+00:00 ThreadId(22) [1P:data/op-db/src/core_db/db.rs:616] Updated DB Schema to version 005
INFO  2025-11-10T09:12:39.162+00:00 ThreadId(22) [1P:data/op-db/src/core_db/db.rs:632] Updated DB Schema to version 006
INFO  2025-11-10T09:12:39.164+00:00 ThreadId(22) [1P:data/op-db/src/core_db/db.rs:646] Updated DB Schema to version 007
INFO  2025-11-10T09:12:39.166+00:00 ThreadId(22) [1P:data/op-db/src/core_db/db.rs:660] Updated DB Schema to version 008
INFO  2025-11-10T09:12:39.168+00:00 ThreadId(22) [1P:data/op-db/src/core_db/db.rs:674] Updated DB Schema to version 009
INFO  2025-11-10T09:12:39.170+00:00 ThreadId(22) [1P:data/op-db/src/core_db/db.rs:688] Updated DB Schema to version 011
INFO  2025-11-10T09:12:39.170+00:00 ThreadId(22) [1P:data/op-db/src/core_db/db.rs:703] Updated DB Schema to version 012
INFO  2025-11-10T09:12:39.172+00:00 ThreadId(22) [1P:data/op-db/src/core_db/db.rs:717] Updated DB Schema to version 013
INFO  2025-11-10T09:12:39.173+00:00 ThreadId(22) [1P:data/op-db/src/core_db/db.rs:731] Updated DB Schema to version 014
INFO  2025-11-10T09:12:39.175+00:00 ThreadId(22) [1P:data/op-db/src/core_db/db.rs:745] Updated DB Schema to version 015
INFO  2025-11-10T09:12:39.178+00:00 ThreadId(22) [1P:data/op-db/src/core_db/db.rs:759] Updated DB Schema to version 016
INFO  2025-11-10T09:12:39.180+00:00 ThreadId(22) [1P:data/op-db/src/core_db/db.rs:773] Updated DB Schema to version 017
INFO  2025-11-10T09:12:39.183+00:00 ThreadId(22) [1P:data/op-db/src/core_db/db.rs:787] Updated DB Schema to version 018
INFO  2025-11-10T09:12:39.185+00:00 ThreadId(22) [1P:data/op-db/src/core_db/db.rs:801] Updated DB Schema to version 019
INFO  2025-11-10T09:12:39.189+00:00 ThreadId(22) [1P:data/op-db/src/core_db/db.rs:918] Updated DB Schema to version 021
INFO  2025-11-10T09:12:39.192+00:00 ThreadId(22) [1P:data/op-db/src/core_db/db.rs:932] Updated DB Schema to version 022
INFO  2025-11-10T09:12:39.195+00:00 ThreadId(22) [1P:data/op-db/src/core_db/db.rs:946] Updated DB Schema to version 023
INFO  2025-11-10T09:12:39.197+00:00 ThreadId(22) [1P:data/op-db/src/core_db/db.rs:960] Updated DB Schema to version 024
INFO  2025-11-10T09:12:39.199+00:00 ThreadId(22) [1P:data/op-db/src/core_db/db.rs:974] Updated DB Schema to version 025
INFO  2025-11-10T09:12:39.201+00:00 ThreadId(22) [1P:data/op-db/src/core_db/db.rs:1090] Updated DB Schema to version 026
INFO  2025-11-10T09:12:39.204+00:00 ThreadId(22) [1P:data/op-db/src/core_db/db.rs:1104] Updated DB Schema to version 027
INFO  2025-11-10T09:12:39.206+00:00 ThreadId(22) [1P:data/op-db/src/core_db/db.rs:1118] Updated DB Schema to version 028
INFO  2025-11-10T09:12:39.212+00:00 ThreadId(22) [1P:data/op-db/src/core_db/db.rs:1132] Updated DB Schema to version 029
INFO  2025-11-10T09:12:39.216+00:00 ThreadId(22) [1P:data/op-db/src/core_db/db.rs:1146] Updated DB Schema to version 030
INFO  2025-11-10T09:12:39.220+00:00 ThreadId(22) [1P:data/op-db/src/core_db/db.rs:1159] Updated DB Schema to version 031
INFO  2025-11-10T09:12:39.225+00:00 ThreadId(22) [1P:data/op-db/src/core_db/db.rs:1172] Updated DB Schema to version 032
INFO  2025-11-10T09:12:39.228+00:00 ThreadId(22) [1P:data/op-db/src/core_db/db.rs:1185] Updated DB Schema to version 033
INFO  2025-11-10T09:12:39.231+00:00 ThreadId(22) [1P:data/op-db/src/core_db/db.rs:1198] Updated DB Schema to version 034
INFO  2025-11-10T09:12:39.233+00:00 ThreadId(22) [1P:data/op-db/src/core_db/db.rs:1211] Updated DB Schema to version 035
INFO  2025-11-10T09:12:39.235+00:00 ThreadId(22) [1P:data/op-db/src/core_db/db.rs:1224] Updated DB Schema to version 036
INFO  2025-11-10T09:12:39.237+00:00 ThreadId(22) [1P:data/op-db/src/core_db/db.rs:1237] Updated DB Schema to version 037
INFO  2025-11-10T09:12:39.239+00:00 ThreadId(22) [1P:data/op-db/src/core_db/db.rs:1250] Updated DB Schema to version 038
INFO  2025-11-10T09:12:39.241+00:00 ThreadId(22) [1P:data/op-db/src/core_db/db.rs:1262] Updated DB Schema to version 039
INFO  2025-11-10T09:12:39.243+00:00 ThreadId(22) [1P:data/op-db/src/core_db/db.rs:1275] Updated DB Schema to version 040
INFO  2025-11-10T09:12:39.245+00:00 ThreadId(22) [1P:data/op-db/src/core_db/db.rs:1288] Updated DB Schema to version 041
INFO  2025-11-10T09:12:39.248+00:00 ThreadId(22) [1P:data/op-db/src/core_db/db.rs:1301] Updated DB Schema to version 042
INFO  2025-11-10T09:12:39.250+00:00 ThreadId(22) [1P:data/op-db/src/core_db/db.rs:1314] Updated DB Schema to version 043
INFO  2025-11-10T09:12:39.252+00:00 ThreadId(22) [1P:data/op-db/src/core_db/db.rs:1330] Updated DB Schema to version 044
INFO  2025-11-10T09:12:39.254+00:00 ThreadId(22) [1P:data/op-db/src/core_db/db.rs:1343] Updated DB Schema to version 045
INFO  2025-11-10T09:12:39.256+00:00 ThreadId(22) [1P:data/op-db/src/core_db/db.rs:1356] Updated DB Schema to version 046
INFO  2025-11-10T09:12:39.256+00:00 ThreadId(22) [1P:data/op-db/src/common/mod.rs:155] Core DB Table Integrity Check Succeeded
INFO  2025-11-10T09:12:39.267+00:00 ThreadId(22) [1P:data/op-db/src/common/mod.rs:186] Resources DB Integrity Check Succeeded
INFO  2025-11-10T09:12:39.267+00:00 ThreadId(22) [1P:data/op-db/src/common/mod.rs:155] Resources DB Table Integrity Check Succeeded
INFO  2025-11-10T09:12:39.267+00:00 ThreadId(22) [1P:data/op-db/src/resources_db/db.rs:110] Starting Resources DB at version: 0
INFO  2025-11-10T09:12:39.267+00:00 ThreadId(22) [1P:data/op-db/src/resources_db/db.rs:122] Resources Database is being created at '/home/<redacted-username>/.config/1Password/1password_resources.sqlite' (sqlite: 3050002)
INFO  2025-11-10T09:12:39.273+00:00 ThreadId(22) [1P:data/op-db/src/resources_db/db.rs:220] Updated DB Schema to version 001
ERROR 2025-11-10T09:12:39.287+00:00 ThreadId(22) [1P:/mnt/ephemeral/builds/dev/core/core/ssh/op-ssh-config/src/lib.rs:251] Failed to start ssh config file watcher: Io(Os { code: 2, kind: NotFound, message: "No such file or directory" })
ERROR 2025-11-10T09:12:39.293+00:00 runtime-worker(ThreadId(17)) [1P:/mnt/ephemeral/builds/dev/core/core/op-b5-client/src/b5_client/features/mod.rs:399] HttpError((/rustc/1159e78c4747b02ef996e55082b704c09b970588/library/core/src/ops/function.rs:253, IoError(IoError(error sending request for url (<redacted URL>)))))
ERROR 2025-11-10T09:12:39.294+00:00 runtime-worker(ThreadId(16)) [1P:foundation/op-network-monitor/src/linux.rs:195] Failed to retrieve initial metering setting: MeteringQuery
ERROR 2025-11-10T09:12:39.294+00:00 runtime-worker(ThreadId(16)) [1P:/mnt/ephemeral/builds/dev/core/core/op-b5-client/src/b5_client/features/mod.rs:399] HttpError((/rustc/1159e78c4747b02ef996e55082b704c09b970588/library/core/src/ops/function.rs:253, IoError(IoError(error sending request for url (<redacted URL>)))))
INFO  2025-11-10T09:12:39.296+00:00 ThreadId(22) [1P:native-messaging/op-nm-installer/src/nix_utils.rs:48] Creating manifest directory for Chromium at /home/<redacted-username>/.config/google-chrome/NativeMessagingHosts
INFO  2025-11-10T09:12:39.296+00:00 ThreadId(22) [1P:native-messaging/op-nm-installer/src/nix_utils.rs:68] Created NMH manifest at /home/<redacted-username>/.config/google-chrome/NativeMessagingHosts/com.1password.1password.json
INFO  2025-11-10T09:12:39.296+00:00 ThreadId(22) [1P:native-messaging/op-nm-installer/src/nix_utils.rs:48] Creating manifest directory for Chromium at /home/<redacted-username>/.config/google-chrome-beta/NativeMessagingHosts
INFO  2025-11-10T09:12:39.296+00:00 ThreadId(22) [1P:native-messaging/op-nm-installer/src/nix_utils.rs:68] Created NMH manifest at /home/<redacted-username>/.config/google-chrome-beta/NativeMessagingHosts/com.1password.1password.json
INFO  2025-11-10T09:12:39.296+00:00 ThreadId(22) [1P:native-messaging/op-nm-installer/src/nix_utils.rs:48] Creating manifest directory for Chromium at /home/<redacted-username>/.config/google-chrome-unstable/NativeMessagingHosts
INFO  2025-11-10T09:12:39.296+00:00 ThreadId(22) [1P:native-messaging/op-nm-installer/src/nix_utils.rs:68] Created NMH manifest at /home/<redacted-username>/.config/google-chrome-unstable/NativeMessagingHosts/com.1password.1password.json
INFO  2025-11-10T09:12:39.296+00:00 ThreadId(22) [1P:native-messaging/op-nm-installer/src/nix_utils.rs:48] Creating manifest directory for Chromium at /home/<redacted-username>/.config/chromium/NativeMessagingHosts
INFO  2025-11-10T09:12:39.296+00:00 ThreadId(22) [1P:native-messaging/op-nm-installer/src/nix_utils.rs:68] Created NMH manifest at /home/<redacted-username>/.config/chromium/NativeMessagingHosts/com.1password.1password.json
INFO  2025-11-10T09:12:39.296+00:00 ThreadId(22) [1P:native-messaging/op-nm-installer/src/nix_utils.rs:48] Creating manifest directory for Chromium at /home/<redacted-username>/.config/microsoft-edge-dev/NativeMessagingHosts
INFO  2025-11-10T09:12:39.296+00:00 ThreadId(22) [1P:native-messaging/op-nm-installer/src/nix_utils.rs:68] Created NMH manifest at /home/<redacted-username>/.config/microsoft-edge-dev/NativeMessagingHosts/com.1password.1password.json
INFO  2025-11-10T09:12:39.296+00:00 ThreadId(22) [1P:native-messaging/op-nm-installer/src/nix_utils.rs:48] Creating manifest directory for Chromium at /home/<redacted-username>/.config/BraveSoftware/Brave-Browser/NativeMessagingHosts
INFO  2025-11-10T09:12:39.303+00:00 ThreadId(22) [1P:native-messaging/op-nm-installer/src/nix_utils.rs:68] Created NMH manifest at /home/<redacted-username>/.config/BraveSoftware/Brave-Browser/NativeMessagingHosts/com.1password.1password.json
INFO  2025-11-10T09:12:39.303+00:00 ThreadId(22) [1P:native-messaging/op-nm-installer/src/nix_utils.rs:48] Creating manifest directory for Chromium at /home/<redacted-username>/.config/vivaldi/NativeMessagingHosts
INFO  2025-11-10T09:12:39.303+00:00 ThreadId(22) [1P:native-messaging/op-nm-installer/src/nix_utils.rs:68] Created NMH manifest at /home/<redacted-username>/.config/vivaldi/NativeMessagingHosts/com.1password.1password.json
INFO  2025-11-10T09:12:39.303+00:00 ThreadId(22) [1P:native-messaging/op-nm-installer/src/nix_utils.rs:48] Creating manifest directory for Chromium at /home/<redacted-username>/.config/vivaldi-snapshot/NativeMessagingHosts
INFO  2025-11-10T09:12:39.303+00:00 ThreadId(22) [1P:native-messaging/op-nm-installer/src/nix_utils.rs:68] Created NMH manifest at /home/<redacted-username>/.config/vivaldi-snapshot/NativeMessagingHosts/com.1password.1password.json
INFO  2025-11-10T09:12:39.303+00:00 ThreadId(22) [1P:native-messaging/op-nm-installer/src/nix_utils.rs:48] Creating manifest directory for Firefox at /home/<redacted-username>/.mozilla/native-messaging-hosts
INFO  2025-11-10T09:12:39.303+00:00 ThreadId(22) [1P:native-messaging/op-nm-installer/src/nix_utils.rs:68] Created NMH manifest at /home/<redacted-username>/.mozilla/native-messaging-hosts/com.1password.1password.json
INFO  2025-11-10T09:12:39.303+00:00 ThreadId(22) [1P:native-messaging/op-nm-installer/src/nix_utils.rs:83] Successfully installed all native messaging manifests.
INFO  2025-11-10T09:12:39.305+00:00 ThreadId(22) [1P:app/op-app/src/app.rs:1720] initializing Developer Environment mount handler
INFO  2025-11-10T09:12:39.305+00:00 runtime-worker(ThreadId(13)) [1P:app/op-app-common/src/unlocked_session_keepalive.rs:70] Starting unlocked session keepalive
INFO  2025-11-10T09:12:39.306+00:00 runtime-worker(ThreadId(20)) [1P:native-messaging/op-nm-installer/src/nix_utils.rs:68] Created NMH manifest at /home/<redacted-username>/.config/google-chrome/NativeMessagingHosts/com.1password.1password.json
INFO  2025-11-10T09:12:39.306+00:00 runtime-worker(ThreadId(20)) [1P:native-messaging/op-nm-installer/src/nix_utils.rs:68] Created NMH manifest at /home/<redacted-username>/.config/google-chrome-beta/NativeMessagingHosts/com.1password.1password.json
INFO  2025-11-10T09:12:39.306+00:00 runtime-worker(ThreadId(20)) [1P:native-messaging/op-nm-installer/src/nix_utils.rs:68] Created NMH manifest at /home/<redacted-username>/.config/google-chrome-unstable/NativeMessagingHosts/com.1password.1password.json
INFO  2025-11-10T09:12:39.306+00:00 runtime-worker(ThreadId(20)) [1P:native-messaging/op-nm-installer/src/nix_utils.rs:68] Created NMH manifest at /home/<redacted-username>/.config/chromium/NativeMessagingHosts/com.1password.1password.json
INFO  2025-11-10T09:12:39.306+00:00 runtime-worker(ThreadId(20)) [1P:native-messaging/op-nm-installer/src/nix_utils.rs:68] Created NMH manifest at /home/<redacted-username>/.config/microsoft-edge-dev/NativeMessagingHosts/com.1password.1password.json
INFO  2025-11-10T09:12:39.306+00:00 runtime-worker(ThreadId(20)) [1P:native-messaging/op-nm-installer/src/nix_utils.rs:68] Created NMH manifest at /home/<redacted-username>/.config/BraveSoftware/Brave-Browser/NativeMessagingHosts/com.1password.1password.json
INFO  2025-11-10T09:12:39.306+00:00 runtime-worker(ThreadId(20)) [1P:native-messaging/op-nm-installer/src/nix_utils.rs:68] Created NMH manifest at /home/<redacted-username>/.config/vivaldi/NativeMessagingHosts/com.1password.1password.json
INFO  2025-11-10T09:12:39.306+00:00 runtime-worker(ThreadId(20)) [1P:native-messaging/op-nm-installer/src/nix_utils.rs:68] Created NMH manifest at /home/<redacted-username>/.config/vivaldi-snapshot/NativeMessagingHosts/com.1password.1password.json
INFO  2025-11-10T09:12:39.306+00:00 runtime-worker(ThreadId(20)) [1P:native-messaging/op-nm-installer/src/nix_utils.rs:68] Created NMH manifest at /home/<redacted-username>/.mozilla/native-messaging-hosts/com.1password.1password.json
INFO  2025-11-10T09:12:39.306+00:00 runtime-worker(ThreadId(20)) [1P:native-messaging/op-nm-installer/src/nix_utils.rs:83] Successfully installed all native messaging manifests.
INFO  2025-11-10T09:12:39.306+00:00 runtime-worker(ThreadId(8)) [1P:op-global-shortcuts/src/node.rs:38] Global shortcut registration is not available on this system.
INFO  2025-11-10T09:12:39.306+00:00 runtime-worker(ThreadId(1)) [1P:op-global-shortcuts/src/node.rs:38] Global shortcut registration is not available on this system.
ERROR 2025-11-10T09:12:39.307+00:00 runtime-worker(ThreadId(19)) [1P:/mnt/ephemeral/builds/dev/core/core/service/op-service-watchtower/src/lib.rs:814] RequestError(IoError(IoError(error sending request for url (<redacted URL>))))
ERROR 2025-11-10T09:12:39.308+00:00 runtime-worker(ThreadId(19)) [1P:/mnt/ephemeral/builds/dev/core/core/service/op-service-watchtower/src/lib.rs:815] RequestError(IoError(IoError(error sending request for url (<redacted URL>))))
ERROR 2025-11-10T09:12:39.308+00:00 runtime-worker(ThreadId(16)) [1P:/mnt/ephemeral/builds/dev/core/core/app/op-app/src/app.rs:1434] could not query pre-registration features: HttpError((/rustc/1159e78c4747b02ef996e55082b704c09b970588/library/core/src/ops/function.rs:253, IoError(IoError(error sending request for url (<redacted URL>)))))
ERROR 2025-11-10T09:12:39.308+00:00 runtime-worker(ThreadId(19)) [1P:/mnt/ephemeral/builds/dev/core/core/service/op-service-watchtower/src/lib.rs:817] RequestError(IoError(IoError(error sending request for url (<redacted URL>))))
ERROR 2025-11-10T09:12:39.310+00:00 runtime-worker(ThreadId(19)) [1P:native-messaging/op-native-core-integration/src/lib.rs:762] Listener on SETTING_STATUS has been dropped, unable to communicate changes made to browser SLS setting
INFO  2025-11-10T09:12:39.310+00:00 runtime-worker(ThreadId(8)) [1P:native-messaging/op-native-core-integration/src/lib.rs:568] Starting IPC listener on 1Password-BrowserSupport
INFO  2025-11-10T09:12:39.310+00:00 runtime-worker(ThreadId(8)) [1P:native-messaging/op-native-core-integration/src/lib.rs:580] Active native core integration is awaiting messages
ERROR 2025-11-10T09:12:39.310+00:00 ThreadId(22) [1P:ffi/op-core-node/src/lib.rs:559] Io(Os { code: 2, kind: NotFound, message: "No such file or directory" })
INFO  2025-11-10T09:12:39.312+00:00 runtime-worker(ThreadId(17)) [1P:ssh/op-agent-controller/src/lib.rs:577] Starting filesystem watcher for SSH agent configuration directories...
ERROR 2025-11-10T09:12:39.313+00:00 runtime-worker(ThreadId(17)) [1P:/mnt/ephemeral/builds/dev/core/core/ssh/op-agent-controller/src/lib.rs:578] Io(Os { code: 2, kind: NotFound, message: "No such file or directory" })
ERROR 2025-11-10T09:12:39.363+00:00 ThreadId(22) [client:typescript] Could not load window state.
INFO  2025-11-10T09:12:43.822+00:00 runtime-worker(ThreadId(19)) [1P:app/op-app/src/app/backend/mycelium/unauthorized_device_start.rs:93] MYCELIUM UNAUTHORIZED DEVICE FORWARD FLOW SIGN-IN -- starting new sign-in session
INFO  2025-11-10T09:12:43.822+00:00 runtime-worker(ThreadId(19)) [1P:foundation/op-feature-gate/src/feature_store.rs:938] MYCELIUM PRE-REGISTRATION FLAGS: Reading forward flag value as false
INFO  2025-11-10T09:12:43.822+00:00 runtime-worker(ThreadId(19)) [1P:app/op-app/src/app/backend/mycelium/unauthorized_device_start.rs:99] MYCELIUM UNAUTHORIZED DEVICE FORWARD FLOW SIGN-IN -- attempted to initiate a sign-in, but the feature is disabled
INFO  2025-11-10T09:12:49.954+00:00 runtime-worker(ThreadId(19)) [1P:app/op-app/src/app/backend/mycelium/unauthorized_device_start.rs:93] MYCELIUM UNAUTHORIZED DEVICE FORWARD FLOW SIGN-IN -- starting new sign-in session
INFO  2025-11-10T09:12:49.955+00:00 runtime-worker(ThreadId(19)) [1P:foundation/op-feature-gate/src/feature_store.rs:938] MYCELIUM PRE-REGISTRATION FLAGS: Reading forward flag value as false
INFO  2025-11-10T09:12:49.955+00:00 runtime-worker(ThreadId(19)) [1P:app/op-app/src/app/backend/mycelium/unauthorized_device_start.rs:99] MYCELIUM UNAUTHORIZED DEVICE FORWARD FLOW SIGN-IN -- attempted to initiate a sign-in, but the feature is disabled
INFO  2025-11-10T09:12:54.570+00:00 runtime-worker(ThreadId(17)) [1P:app/op-app/src/app/backend/frontend.rs:22] Front end event: window closed
INFO  2025-11-10T09:12:54.570+00:00 runtime-worker(ThreadId(17)) [1P:app/op-app/src/app/backend/frontend.rs:57] Front end event: app will quit
WARN  2025-11-10T09:12:54.570+00:00 runtime-worker(ThreadId(17)) [1P:op-invocation/src/lib.rs:495] shutdown requested!
INFO  2025-11-10T09:12:54.570+00:00 runtime-worker(ThreadId(17)) [1P:app/op-app/src/app/shutdown.rs:81] starting app shutdown
INFO  2025-11-10T09:12:54.570+00:00 runtime-worker(ThreadId(17)) [1P:app/op-app/src/app/shutdown.rs:150] running shutdown hook: /mnt/ephemeral/builds/dev/core/core/app/op-app/src/app.rs:1459
INFO  2025-11-10T09:12:54.570+00:00 runtime-worker(ThreadId(17)) [1P:app/op-app/src/app/shutdown.rs:150] running shutdown hook: /mnt/ephemeral/builds/dev/core/core/app/op-app/src/app.rs:1726
INFO  2025-11-10T09:12:54.570+00:00 runtime-worker(ThreadId(16)) [1P:app/op-app/src/app/shutdown.rs:150] running shutdown hook: /mnt/ephemeral/builds/dev/core/core/app/op-app/src/app.rs:1751
INFO  2025-11-10T09:12:54.570+00:00 runtime-worker(ThreadId(16)) [1P:app/op-app/src/app/shutdown.rs:150] running shutdown hook: ffi/op-core-node/src/lib.rs:475
INFO  2025-11-10T09:12:54.672+00:00 ThreadId(27) [1P:data/op-db-queue/src/worker.rs:87] db shutdown requested
INFO  2025-11-10T09:12:54.672+00:00 ThreadId(27) [1P:data/op-db-queue/src/worker.rs:97] closing dbs
INFO  2025-11-10T09:12:54.684+00:00 ThreadId(27) [1P:data/op-db-queue/src/worker.rs:103] db queue worker exiting
INFO  2025-11-10T09:12:54.684+00:00 runtime-worker(ThreadId(19)) [1P:app/op-app/src/app/shutdown.rs:123] app shutdown complete
ERROR 2025-11-10T09:12:54.685+00:00 runtime-worker(ThreadId(19)) [1P:app/op-app/src/app/components/route_persister.rs:30] Could not get key from unlocked account!
