1775073929.953632 client started (47471): version 3.6a, socket /tmp/tmux-1000/default, protocol 8
1775073929.953675 on Linux 6.19.10-arch1-1 #1 SMP PREEMPT_DYNAMIC Thu, 26 Mar 2026 19:20:28 +0000
1775073929.953683 using libevent 2.1.12-stable poll
1775073929.953688 using ncurses 6.5 20240427
1775073929.953716 flags are 0x18010000
1775073929.953732 socket is /tmp/tmux-1000/default
1775073929.953746 trying connect
1775073929.953767 connect failed: Connection refused
1775073929.953779 lock file is /tmp/tmux-1000/default.lock
1775073929.953804 flock succeeded
1775073929.953808 got lock (11)
1775073929.953815 trying connect
1775073929.953823 connect failed: Connection refused
1775073929.954193 add peer 0x55d54e6a22e0: 12 ((nil))
1775073929.955022 sending message 111 to peer 0x55d54e6a22e0 (8 bytes)
1775073929.955051 sending message 111 to peer 0x55d54e6a22e0 (8 bytes)
1775073929.955057 sending message 101 to peer 0x55d54e6a22e0 (14 bytes)
1775073929.955061 sending message 109 to peer 0x55d54e6a22e0 (4 bytes)
1775073929.955065 sending message 102 to peer 0x55d54e6a22e0 (11 bytes)
1775073929.955070 sending message 108 to peer 0x55d54e6a22e0 (38 bytes)
1775073929.955076 sending message 112 to peer 0x55d54e6a22e0 (70 bytes)
1775073929.955081 sending message 112 to peer 0x55d54e6a22e0 (5 bytes)
1775073929.955085 sending message 112 to peer 0x55d54e6a22e0 (5 bytes)
1775073929.955089 sending message 112 to peer 0x55d54e6a22e0 (6 bytes)
1775073929.955093 sending message 112 to peer 0x55d54e6a22e0 (6 bytes)
1775073929.955097 sending message 112 to peer 0x55d54e6a22e0 (11 bytes)
1775073929.955102 sending message 112 to peer 0x55d54e6a22e0 (10 bytes)
1775073929.955106 sending message 112 to peer 0x55d54e6a22e0 (13 bytes)
1775073929.955110 sending message 112 to peer 0x55d54e6a22e0 (14 bytes)
1775073929.955115 sending message 112 to peer 0x55d54e6a22e0 (9 bytes)
1775073929.955119 sending message 112 to peer 0x55d54e6a22e0 (21 bytes)
1775073929.955124 sending message 112 to peer 0x55d54e6a22e0 (19 bytes)
1775073929.955128 sending message 112 to peer 0x55d54e6a22e0 (11 bytes)
1775073929.955132 sending message 112 to peer 0x55d54e6a22e0 (21 bytes)
1775073929.955136 sending message 112 to peer 0x55d54e6a22e0 (13 bytes)
1775073929.955140 sending message 112 to peer 0x55d54e6a22e0 (7 bytes)
1775073929.955145 sending message 112 to peer 0x55d54e6a22e0 (13 bytes)
1775073929.955149 sending message 112 to peer 0x55d54e6a22e0 (7 bytes)
1775073929.955153 sending message 112 to peer 0x55d54e6a22e0 (13 bytes)
1775073929.955158 sending message 112 to peer 0x55d54e6a22e0 (9 bytes)
1775073929.955162 sending message 112 to peer 0x55d54e6a22e0 (21 bytes)
1775073929.955167 sending message 112 to peer 0x55d54e6a22e0 (13 bytes)
1775073929.955172 sending message 112 to peer 0x55d54e6a22e0 (9 bytes)
1775073929.955176 sending message 112 to peer 0x55d54e6a22e0 (16 bytes)
1775073929.955181 sending message 112 to peer 0x55d54e6a22e0 (13 bytes)
1775073929.955185 sending message 112 to peer 0x55d54e6a22e0 (9 bytes)
1775073929.955190 sending message 112 to peer 0x55d54e6a22e0 (9 bytes)
1775073929.955194 sending message 112 to peer 0x55d54e6a22e0 (12 bytes)
1775073929.955203 sending message 112 to peer 0x55d54e6a22e0 (8 bytes)
1775073929.955208 sending message 112 to peer 0x55d54e6a22e0 (12 bytes)
1775073929.955213 sending message 112 to peer 0x55d54e6a22e0 (8 bytes)
1775073929.955217 sending message 112 to peer 0x55d54e6a22e0 (13 bytes)
1775073929.955222 sending message 112 to peer 0x55d54e6a22e0 (7 bytes)
1775073929.955227 sending message 112 to peer 0x55d54e6a22e0 (7 bytes)
1775073929.955231 sending message 112 to peer 0x55d54e6a22e0 (9 bytes)
1775073929.955236 sending message 112 to peer 0x55d54e6a22e0 (12 bytes)
1775073929.955240 sending message 112 to peer 0x55d54e6a22e0 (6 bytes)
1775073929.955244 sending message 112 to peer 0x55d54e6a22e0 (9 bytes)
1775073929.955248 sending message 112 to peer 0x55d54e6a22e0 (15 bytes)
1775073929.955253 sending message 112 to peer 0x55d54e6a22e0 (13 bytes)
1775073929.955257 sending message 112 to peer 0x55d54e6a22e0 (9 bytes)
1775073929.955262 sending message 112 to peer 0x55d54e6a22e0 (12 bytes)
1775073929.955279 sending message 112 to peer 0x55d54e6a22e0 (8 bytes)
1775073929.955284 sending message 112 to peer 0x55d54e6a22e0 (14 bytes)
1775073929.955289 sending message 112 to peer 0x55d54e6a22e0 (11 bytes)
1775073929.955293 sending message 112 to peer 0x55d54e6a22e0 (9 bytes)
1775073929.955297 sending message 112 to peer 0x55d54e6a22e0 (10 bytes)
1775073929.955302 sending message 112 to peer 0x55d54e6a22e0 (10 bytes)
1775073929.955306 sending message 112 to peer 0x55d54e6a22e0 (10 bytes)
1775073929.955310 sending message 112 to peer 0x55d54e6a22e0 (10 bytes)
1775073929.955315 sending message 112 to peer 0x55d54e6a22e0 (11 bytes)
1775073929.955319 sending message 112 to peer 0x55d54e6a22e0 (12 bytes)
1775073929.955324 sending message 112 to peer 0x55d54e6a22e0 (12 bytes)
1775073929.955328 sending message 112 to peer 0x55d54e6a22e0 (12 bytes)
1775073929.955332 sending message 112 to peer 0x55d54e6a22e0 (12 bytes)
1775073929.955337 sending message 112 to peer 0x55d54e6a22e0 (12 bytes)
1775073929.955342 sending message 112 to peer 0x55d54e6a22e0 (11 bytes)
1775073929.955346 sending message 112 to peer 0x55d54e6a22e0 (11 bytes)
1775073929.955351 sending message 112 to peer 0x55d54e6a22e0 (12 bytes)
1775073929.955355 sending message 112 to peer 0x55d54e6a22e0 (12 bytes)
1775073929.955359 sending message 112 to peer 0x55d54e6a22e0 (12 bytes)
1775073929.955363 sending message 112 to peer 0x55d54e6a22e0 (12 bytes)
1775073929.955368 sending message 112 to peer 0x55d54e6a22e0 (12 bytes)
1775073929.955372 sending message 112 to peer 0x55d54e6a22e0 (9 bytes)
1775073929.955377 sending message 112 to peer 0x55d54e6a22e0 (12 bytes)
1775073929.955381 sending message 112 to peer 0x55d54e6a22e0 (13 bytes)
1775073929.955385 sending message 112 to peer 0x55d54e6a22e0 (13 bytes)
1775073929.955389 sending message 112 to peer 0x55d54e6a22e0 (13 bytes)
1775073929.955394 sending message 112 to peer 0x55d54e6a22e0 (13 bytes)
1775073929.955398 sending message 112 to peer 0x55d54e6a22e0 (13 bytes)
1775073929.955402 sending message 112 to peer 0x55d54e6a22e0 (8 bytes)
1775073929.955406 sending message 112 to peer 0x55d54e6a22e0 (11 bytes)
1775073929.955411 sending message 112 to peer 0x55d54e6a22e0 (11 bytes)
1775073929.955415 sending message 112 to peer 0x55d54e6a22e0 (11 bytes)
1775073929.955420 sending message 112 to peer 0x55d54e6a22e0 (12 bytes)
1775073929.955424 sending message 112 to peer 0x55d54e6a22e0 (12 bytes)
1775073929.955428 sending message 112 to peer 0x55d54e6a22e0 (12 bytes)
1775073929.955433 sending message 112 to peer 0x55d54e6a22e0 (12 bytes)
1775073929.955437 sending message 112 to peer 0x55d54e6a22e0 (13 bytes)
1775073929.955442 sending message 112 to peer 0x55d54e6a22e0 (13 bytes)
1775073929.955446 sending message 112 to peer 0x55d54e6a22e0 (13 bytes)
1775073929.955450 sending message 112 to peer 0x55d54e6a22e0 (8 bytes)
1775073929.955455 sending message 112 to peer 0x55d54e6a22e0 (13 bytes)
1775073929.955459 sending message 112 to peer 0x55d54e6a22e0 (13 bytes)
1775073929.955464 sending message 112 to peer 0x55d54e6a22e0 (13 bytes)
1775073929.955469 sending message 112 to peer 0x55d54e6a22e0 (13 bytes)
1775073929.955473 sending message 112 to peer 0x55d54e6a22e0 (13 bytes)
1775073929.955477 sending message 112 to peer 0x55d54e6a22e0 (12 bytes)
1775073929.955481 sending message 112 to peer 0x55d54e6a22e0 (12 bytes)
1775073929.955485 sending message 112 to peer 0x55d54e6a22e0 (12 bytes)
1775073929.955489 sending message 112 to peer 0x55d54e6a22e0 (12 bytes)
1775073929.955494 sending message 112 to peer 0x55d54e6a22e0 (13 bytes)
1775073929.955499 sending message 112 to peer 0x55d54e6a22e0 (8 bytes)
1775073929.955503 sending message 112 to peer 0x55d54e6a22e0 (13 bytes)
1775073929.955507 sending message 112 to peer 0x55d54e6a22e0 (13 bytes)
1775073929.955512 sending message 112 to peer 0x55d54e6a22e0 (13 bytes)
1775073929.955516 sending message 112 to peer 0x55d54e6a22e0 (13 bytes)
1775073929.955520 sending message 112 to peer 0x55d54e6a22e0 (13 bytes)
1775073929.955529 sending message 112 to peer 0x55d54e6a22e0 (13 bytes)
1775073929.955534 sending message 112 to peer 0x55d54e6a22e0 (13 bytes)
1775073929.955538 sending message 112 to peer 0x55d54e6a22e0 (12 bytes)
1775073929.955543 sending message 112 to peer 0x55d54e6a22e0 (12 bytes)
1775073929.955548 sending message 112 to peer 0x55d54e6a22e0 (12 bytes)
1775073929.955552 sending message 112 to peer 0x55d54e6a22e0 (8 bytes)
1775073929.955556 sending message 112 to peer 0x55d54e6a22e0 (12 bytes)
1775073929.955561 sending message 112 to peer 0x55d54e6a22e0 (13 bytes)
1775073929.955565 sending message 112 to peer 0x55d54e6a22e0 (13 bytes)
1775073929.955569 sending message 112 to peer 0x55d54e6a22e0 (13 bytes)
1775073929.955573 sending message 112 to peer 0x55d54e6a22e0 (13 bytes)
1775073929.955577 sending message 112 to peer 0x55d54e6a22e0 (13 bytes)
1775073929.955581 sending message 112 to peer 0x55d54e6a22e0 (13 bytes)
1775073929.955586 sending message 112 to peer 0x55d54e6a22e0 (13 bytes)
1775073929.955590 sending message 112 to peer 0x55d54e6a22e0 (13 bytes)
1775073929.955595 sending message 112 to peer 0x55d54e6a22e0 (12 bytes)
1775073929.955600 sending message 112 to peer 0x55d54e6a22e0 (10 bytes)
1775073929.955604 sending message 112 to peer 0x55d54e6a22e0 (12 bytes)
1775073929.955608 sending message 112 to peer 0x55d54e6a22e0 (12 bytes)
1775073929.955612 sending message 112 to peer 0x55d54e6a22e0 (12 bytes)
1775073929.955616 sending message 112 to peer 0x55d54e6a22e0 (13 bytes)
1775073929.955621 sending message 112 to peer 0x55d54e6a22e0 (13 bytes)
1775073929.955625 sending message 112 to peer 0x55d54e6a22e0 (13 bytes)
1775073929.955629 sending message 112 to peer 0x55d54e6a22e0 (13 bytes)
1775073929.955633 sending message 112 to peer 0x55d54e6a22e0 (13 bytes)
1775073929.955637 sending message 112 to peer 0x55d54e6a22e0 (13 bytes)
1775073929.955641 sending message 112 to peer 0x55d54e6a22e0 (13 bytes)
1775073929.955645 sending message 112 to peer 0x55d54e6a22e0 (10 bytes)
1775073929.955650 sending message 112 to peer 0x55d54e6a22e0 (13 bytes)
1775073929.955655 sending message 112 to peer 0x55d54e6a22e0 (12 bytes)
1775073929.955659 sending message 112 to peer 0x55d54e6a22e0 (12 bytes)
1775073929.955664 sending message 112 to peer 0x55d54e6a22e0 (12 bytes)
1775073929.955668 sending message 112 to peer 0x55d54e6a22e0 (10 bytes)
1775073929.955672 sending message 112 to peer 0x55d54e6a22e0 (10 bytes)
1775073929.955676 sending message 112 to peer 0x55d54e6a22e0 (10 bytes)
1775073929.955680 sending message 112 to peer 0x55d54e6a22e0 (12 bytes)
1775073929.955684 sending message 112 to peer 0x55d54e6a22e0 (13 bytes)
1775073929.955689 sending message 112 to peer 0x55d54e6a22e0 (13 bytes)
1775073929.955693 sending message 112 to peer 0x55d54e6a22e0 (13 bytes)
1775073929.955697 sending message 112 to peer 0x55d54e6a22e0 (13 bytes)
1775073929.955701 sending message 112 to peer 0x55d54e6a22e0 (13 bytes)
1775073929.955706 sending message 112 to peer 0x55d54e6a22e0 (10 bytes)
1775073929.955710 sending message 112 to peer 0x55d54e6a22e0 (11 bytes)
1775073929.955714 sending message 112 to peer 0x55d54e6a22e0 (12 bytes)
1775073929.955719 sending message 112 to peer 0x55d54e6a22e0 (12 bytes)
1775073929.955724 sending message 112 to peer 0x55d54e6a22e0 (12 bytes)
1775073929.955728 sending message 112 to peer 0x55d54e6a22e0 (12 bytes)
1775073929.955732 sending message 112 to peer 0x55d54e6a22e0 (12 bytes)
1775073929.955737 sending message 112 to peer 0x55d54e6a22e0 (11 bytes)
1775073929.955741 sending message 112 to peer 0x55d54e6a22e0 (12 bytes)
1775073929.955745 sending message 112 to peer 0x55d54e6a22e0 (12 bytes)
1775073929.955749 sending message 112 to peer 0x55d54e6a22e0 (13 bytes)
1775073929.955753 sending message 112 to peer 0x55d54e6a22e0 (13 bytes)
1775073929.955757 sending message 112 to peer 0x55d54e6a22e0 (13 bytes)
1775073929.955761 sending message 112 to peer 0x55d54e6a22e0 (13 bytes)
1775073929.955765 sending message 112 to peer 0x55d54e6a22e0 (13 bytes)
1775073929.955769 sending message 112 to peer 0x55d54e6a22e0 (10 bytes)
1775073929.955777 sending message 112 to peer 0x55d54e6a22e0 (9 bytes)
1775073929.955781 sending message 112 to peer 0x55d54e6a22e0 (12 bytes)
1775073929.955785 sending message 112 to peer 0x55d54e6a22e0 (13 bytes)
1775073929.955790 sending message 112 to peer 0x55d54e6a22e0 (13 bytes)
1775073929.955794 sending message 112 to peer 0x55d54e6a22e0 (13 bytes)
1775073929.955799 sending message 112 to peer 0x55d54e6a22e0 (13 bytes)
1775073929.955803 sending message 112 to peer 0x55d54e6a22e0 (13 bytes)
1775073929.955808 sending message 112 to peer 0x55d54e6a22e0 (9 bytes)
1775073929.955812 sending message 112 to peer 0x55d54e6a22e0 (12 bytes)
1775073929.955816 sending message 112 to peer 0x55d54e6a22e0 (13 bytes)
1775073929.955820 sending message 112 to peer 0x55d54e6a22e0 (13 bytes)
1775073929.955824 sending message 112 to peer 0x55d54e6a22e0 (13 bytes)
1775073929.955828 sending message 112 to peer 0x55d54e6a22e0 (13 bytes)
1775073929.955832 sending message 112 to peer 0x55d54e6a22e0 (13 bytes)
1775073929.955836 sending message 112 to peer 0x55d54e6a22e0 (11 bytes)
1775073929.955840 sending message 112 to peer 0x55d54e6a22e0 (12 bytes)
1775073929.955844 sending message 112 to peer 0x55d54e6a22e0 (13 bytes)
1775073929.955848 sending message 112 to peer 0x55d54e6a22e0 (13 bytes)
1775073929.955852 sending message 112 to peer 0x55d54e6a22e0 (13 bytes)
1775073929.955856 sending message 112 to peer 0x55d54e6a22e0 (13 bytes)
1775073929.955861 sending message 112 to peer 0x55d54e6a22e0 (13 bytes)
1775073929.955865 sending message 112 to peer 0x55d54e6a22e0 (11 bytes)
1775073929.955869 sending message 112 to peer 0x55d54e6a22e0 (12 bytes)
1775073929.955874 sending message 112 to peer 0x55d54e6a22e0 (12 bytes)
1775073929.955878 sending message 112 to peer 0x55d54e6a22e0 (12 bytes)
1775073929.955883 sending message 112 to peer 0x55d54e6a22e0 (12 bytes)
1775073929.955887 sending message 112 to peer 0x55d54e6a22e0 (12 bytes)
1775073929.955891 sending message 112 to peer 0x55d54e6a22e0 (21 bytes)
1775073929.955895 sending message 112 to peer 0x55d54e6a22e0 (12 bytes)
1775073929.955913 sending message 112 to peer 0x55d54e6a22e0 (9 bytes)
1775073929.955918 sending message 112 to peer 0x55d54e6a22e0 (6 bytes)
1775073929.955922 sending message 112 to peer 0x55d54e6a22e0 (13 bytes)
1775073929.955926 sending message 112 to peer 0x55d54e6a22e0 (10 bytes)
1775073929.955930 sending message 112 to peer 0x55d54e6a22e0 (15 bytes)
1775073929.955935 sending message 112 to peer 0x55d54e6a22e0 (13 bytes)
1775073929.955939 sending message 112 to peer 0x55d54e6a22e0 (9 bytes)
1775073929.955943 sending message 112 to peer 0x55d54e6a22e0 (70 bytes)
1775073929.955947 sending message 112 to peer 0x55d54e6a22e0 (69 bytes)
1775073929.955952 sending message 112 to peer 0x55d54e6a22e0 (34 bytes)
1775073929.955957 sending message 112 to peer 0x55d54e6a22e0 (34 bytes)
1775073929.955961 sending message 112 to peer 0x55d54e6a22e0 (70 bytes)
1775073929.955966 sending message 112 to peer 0x55d54e6a22e0 (12 bytes)
1775073929.955970 sending message 112 to peer 0x55d54e6a22e0 (10 bytes)
1775073929.955975 sending message 112 to peer 0x55d54e6a22e0 (10 bytes)
1775073929.955980 sending message 112 to peer 0x55d54e6a22e0 (15 bytes)
1775073929.955984 sending message 112 to peer 0x55d54e6a22e0 (13 bytes)
1775073929.955988 sending message 112 to peer 0x55d54e6a22e0 (10 bytes)
1775073929.955992 sending message 112 to peer 0x55d54e6a22e0 (10 bytes)
1775073929.955996 sending message 112 to peer 0x55d54e6a22e0 (17 bytes)
1775073929.956000 sending message 112 to peer 0x55d54e6a22e0 (10 bytes)
1775073929.956004 sending message 112 to peer 0x55d54e6a22e0 (13 bytes)
1775073929.956008 sending message 112 to peer 0x55d54e6a22e0 (32 bytes)
1775073929.956013 sending message 112 to peer 0x55d54e6a22e0 (5 bytes)
1775073929.956017 sending message 112 to peer 0x55d54e6a22e0 (9 bytes)
1775073929.956021 sending message 112 to peer 0x55d54e6a22e0 (15 bytes)
1775073929.956025 sending message 112 to peer 0x55d54e6a22e0 (5 bytes)
1775073929.956031 sending message 104 to peer 0x55d54e6a22e0 (0 bytes)
1775073929.956039 sending message 110 to peer 0x55d54e6a22e0 (0 bytes)
1775073929.956044 sending message 107 to peer 0x55d54e6a22e0 (4 bytes)
1775073929.956049 sending message 105 to peer 0x55d54e6a22e0 (50 bytes)
1775073929.956053 sending message 105 to peer 0x55d54e6a22e0 (11 bytes)
1775073929.956057 sending message 105 to peer 0x55d54e6a22e0 (23 bytes)
1775073929.956062 sending message 105 to peer 0x55d54e6a22e0 (19 bytes)
1775073929.956066 sending message 105 to peer 0x55d54e6a22e0 (20 bytes)
1775073929.956070 sending message 105 to peer 0x55d54e6a22e0 (16 bytes)
1775073929.956075 sending message 105 to peer 0x55d54e6a22e0 (179 bytes)
1775073929.956079 sending message 105 to peer 0x55d54e6a22e0 (19 bytes)
1775073929.956084 sending message 105 to peer 0x55d54e6a22e0 (30 bytes)
1775073929.956089 sending message 105 to peer 0x55d54e6a22e0 (98 bytes)
1775073929.956094 sending message 105 to peer 0x55d54e6a22e0 (29 bytes)
1775073929.956098 sending message 105 to peer 0x55d54e6a22e0 (33 bytes)
1775073929.956103 sending message 105 to peer 0x55d54e6a22e0 (395 bytes)
1775073929.956108 sending message 105 to peer 0x55d54e6a22e0 (58 bytes)
1775073929.956112 sending message 105 to peer 0x55d54e6a22e0 (18 bytes)
1775073929.956117 sending message 105 to peer 0x55d54e6a22e0 (112 bytes)
1775073929.956121 sending message 105 to peer 0x55d54e6a22e0 (38 bytes)
1775073929.956125 sending message 105 to peer 0x55d54e6a22e0 (15 bytes)
1775073929.956129 sending message 105 to peer 0x55d54e6a22e0 (29 bytes)
1775073929.956134 sending message 105 to peer 0x55d54e6a22e0 (54 bytes)
1775073929.956138 sending message 105 to peer 0x55d54e6a22e0 (55 bytes)
1775073929.956142 sending message 105 to peer 0x55d54e6a22e0 (28 bytes)
1775073929.956146 sending message 105 to peer 0x55d54e6a22e0 (26 bytes)
1775073929.956150 sending message 105 to peer 0x55d54e6a22e0 (24 bytes)
1775073929.956155 sending message 105 to peer 0x55d54e6a22e0 (24 bytes)
1775073929.956159 sending message 105 to peer 0x55d54e6a22e0 (16 bytes)
1775073929.956163 sending message 105 to peer 0x55d54e6a22e0 (21 bytes)
1775073929.956168 sending message 105 to peer 0x55d54e6a22e0 (42 bytes)
1775073929.956173 sending message 105 to peer 0x55d54e6a22e0 (13 bytes)
1775073929.956177 sending message 105 to peer 0x55d54e6a22e0 (15 bytes)
1775073929.956182 sending message 105 to peer 0x55d54e6a22e0 (20 bytes)
1775073929.956186 sending message 105 to peer 0x55d54e6a22e0 (25 bytes)
1775073929.956190 sending message 105 to peer 0x55d54e6a22e0 (191 bytes)
1775073929.956195 sending message 105 to peer 0x55d54e6a22e0 (29 bytes)
1775073929.956200 sending message 105 to peer 0x55d54e6a22e0 (42 bytes)
1775073929.956204 sending message 105 to peer 0x55d54e6a22e0 (26 bytes)
1775073929.956209 sending message 105 to peer 0x55d54e6a22e0 (25 bytes)
1775073929.956214 sending message 105 to peer 0x55d54e6a22e0 (33 bytes)
1775073929.956218 sending message 105 to peer 0x55d54e6a22e0 (19 bytes)
1775073929.956223 sending message 105 to peer 0x55d54e6a22e0 (60 bytes)
1775073929.956228 sending message 105 to peer 0x55d54e6a22e0 (10 bytes)
1775073929.956233 sending message 105 to peer 0x55d54e6a22e0 (29 bytes)
1775073929.956238 sending message 105 to peer 0x55d54e6a22e0 (55 bytes)
1775073929.956243 sending message 105 to peer 0x55d54e6a22e0 (90 bytes)
1775073929.956248 sending message 105 to peer 0x55d54e6a22e0 (26 bytes)
1775073929.956253 sending message 105 to peer 0x55d54e6a22e0 (323 bytes)
1775073929.956258 sending message 105 to peer 0x55d54e6a22e0 (25 bytes)
1775073929.956263 sending message 105 to peer 0x55d54e6a22e0 (21 bytes)
1775073929.956269 sending message 105 to peer 0x55d54e6a22e0 (8 bytes)
1775073929.956274 sending message 105 to peer 0x55d54e6a22e0 (83 bytes)
1775073929.956279 sending message 105 to peer 0x55d54e6a22e0 (21 bytes)
1775073929.956284 sending message 105 to peer 0x55d54e6a22e0 (11 bytes)
1775073929.956288 sending message 105 to peer 0x55d54e6a22e0 (16 bytes)
1775073929.956293 sending message 105 to peer 0x55d54e6a22e0 (20 bytes)
1775073929.956298 sending message 105 to peer 0x55d54e6a22e0 (51 bytes)
1775073929.956307 sending message 105 to peer 0x55d54e6a22e0 (17 bytes)
1775073929.956312 sending message 105 to peer 0x55d54e6a22e0 (64 bytes)
1775073929.956316 sending message 105 to peer 0x55d54e6a22e0 (42 bytes)
1775073929.956321 sending message 105 to peer 0x55d54e6a22e0 (31 bytes)
1775073929.956326 sending message 105 to peer 0x55d54e6a22e0 (41 bytes)
1775073929.956331 sending message 106 to peer 0x55d54e6a22e0 (0 bytes)
1775073929.956449 sending message 200 to peer 0x55d54e6a22e0 (4 bytes)
1775073929.956454 client loop enter
1775073929.956481 client_signal: Child exited
1775073929.982764 peer 0x55d54e6a22e0 message 207
1775073929.982777 sending message 208 to peer 0x55d54e6a22e0 (0 bytes)
1775073932.658818 peer 0x55d54e6a22e0 message 203
1775073932.658857 sending message 205 to peer 0x55d54e6a22e0 (0 bytes)
1775073932.659323 peer 0x55d54e6a22e0 message 204
1775073932.659356 client loop exit
